Performing C SOURCE FILE Test CMAKE_HAVE_LIBC_PTHREAD failed with the following output:
Change Dir: /home/jovyan/2270 - Data Structures/assignment-5-andhogan/build/CMakeFiles/CMakeTmp

Run Build Command(s):/opt/conda/bin/make cmTC_7329a/fast && /opt/conda/bin/make -f CMakeFiles/cmTC_7329a.dir/build.make CMakeFiles/cmTC_7329a.dir/build
make[1]: Entering directory '/home/jovyan/2270 - Data Structures/assignment-5-andhogan/build/CMakeFiles/CMakeTmp'
Building C object CMakeFiles/cmTC_7329a.dir/src.c.o
/usr/bin/cc   -DCMAKE_HAVE_LIBC_PTHREAD   -o CMakeFiles/cmTC_7329a.dir/src.c.o   -c "/home/jovyan/2270 - Data Structures/assignment-5-andhogan/build/CMakeFiles/CMakeTmp/src.c"
Linking C executable cmTC_7329a
/usr/bin/cmake -E cmake_link_script CMakeFiles/cmTC_7329a.dir/link.txt --verbose=1
/usr/bin/cc  -DCMAKE_HAVE_LIBC_PTHREAD    -rdynamic CMakeFiles/cmTC_7329a.dir/src.c.o  -o cmTC_7329a 
/usr/bin/ld: CMakeFiles/cmTC_7329a.dir/src.c.o: in function `main':
src.c:(.text+0x46): undefined reference to `pthread_create'
/usr/bin/ld: src.c:(.text+0x52): undefined reference to `pthread_detach'
/usr/bin/ld: src.c:(.text+0x63): undefined reference to `pthread_join'
collect2: error: ld returned 1 exit status
make[1]: *** [CMakeFiles/cmTC_7329a.dir/build.make:87: cmTC_7329a] Error 1
make[1]: Leaving directory '/home/jovyan/2270 - Data Structures/assignment-5-andhogan/build/CMakeFiles/CMakeTmp'
make: *** [Makefile:121: cmTC_7329a/fast] Error 2


Source file was:
#include <pthread.h>

void* test_func(void* data)
{
  return data;
}

int main(void)
{
  pthread_t thread;
  pthread_create(&thread, NULL, test_func, NULL);
  pthread_detach(thread);
  pthread_join(thread, NULL);
  pthread_atfork(NULL, NULL, NULL);
  pthread_exit(NULL);

  return 0;
}

Determining if the function pthread_create exists in the pthreads failed with the following output:
Change Dir: /home/jovyan/2270 - Data Structures/assignment-5-andhogan/build/CMakeFiles/CMakeTmp

Run Build Command(s):/opt/conda/bin/make cmTC_db13f/fast && /opt/conda/bin/make -f CMakeFiles/cmTC_db13f.dir/build.make CMakeFiles/cmTC_db13f.dir/build
make[1]: Entering directory '/home/jovyan/2270 - Data Structures/assignment-5-andhogan/build/CMakeFiles/CMakeTmp'
Building C object CMakeFiles/cmTC_db13f.dir/CheckFunctionExists.c.o
/usr/bin/cc   -DCHECK_FUNCTION_EXISTS=pthread_create   -o CMakeFiles/cmTC_db13f.dir/CheckFunctionExists.c.o   -c /usr/share/cmake-3.16/Modules/CheckFunctionExists.c
Linking C executable cmTC_db13f
/usr/bin/cmake -E cmake_link_script CMakeFiles/cmTC_db13f.dir/link.txt --verbose=1
/usr/bin/cc  -DCHECK_FUNCTION_EXISTS=pthread_create    -rdynamic CMakeFiles/cmTC_db13f.dir/CheckFunctionExists.c.o  -o cmTC_db13f  -lpthreads 
/usr/bin/ld: cannot find -lpthreads
collect2: error: ld returned 1 exit status
make[1]: *** [CMakeFiles/cmTC_db13f.dir/build.make:87: cmTC_db13f] Error 1
make[1]: Leaving directory '/home/jovyan/2270 - Data Structures/assignment-5-andhogan/build/CMakeFiles/CMakeTmp'
make: *** [Makefile:121: cmTC_db13f/fast] Error 2



